#
# There is insufficient memory for the Java Runtime Environment to continue.
# Native memory allocation (malloc) failed to allocate 32744 bytes for ChunkPool::allocate
# Possible reasons:
#   The system is out of physical RAM or swap space
#   The process is running with CompressedOops enabled, and the Java Heap may be blocking the growth of the native heap
# Possible solutions:
#   Reduce memory load on the system
#   Increase physical memory or swap space
#   Check if swap backing store is full
#   Decrease Java heap size (-Xmx/-Xms)
#   Decrease number of Java threads
#   Decrease Java thread stack sizes (-Xss)
#   Set larger code cache with -XX:ReservedCodeCacheSize=
#   JVM is running with Unscaled Compressed Oops mode in which the Java heap is
#     placed in the first 4GB address space. The Java Heap base address is the
#     maximum limit for the native heap growth. Please use -XX:HeapBaseMinAddress
#     to set the Java Heap base and to place the Java Heap above 4GB virtual address.
# This output file may be truncated or incomplete.
#
#  Out of Memory Error (arena.cpp:79), pid=6716, tid=32712
#
# JRE version: OpenJDK Runtime Environment Temurin-17.0.10+7 (17.0.10+7) (build 17.0.10+7)
# Java VM: OpenJDK 64-Bit Server VM Temurin-17.0.10+7 (17.0.10+7, mixed mode, tiered, compressed oops, compressed class ptrs, parallel gc, windows-amd64)
# No core dump will be written. Minidumps are not enabled by default on client versions of Windows
#

---------------  S U M M A R Y ------------

Command Line: --add-modules=ALL-SYSTEM --add-opens=java.base/java.util=ALL-UNNAMED --add-opens=java.base/java.lang=ALL-UNNAMED --add-opens=java.base/sun.nio.fs=ALL-UNNAMED -Declipse.application=org.eclipse.jdt.ls.core.id1 -Dosgi.bundles.defaultStartLevel=4 -Declipse.product=org.eclipse.jdt.ls.core.product -Djava.import.generatesMetadataFilesAtProjectRoot=false -DDetectVMInstallationsJob.disabled=true -Dfile.encoding=utf8 -XX:+UseParallelGC -XX:GCTimeRatio=4 -XX:AdaptiveSizePolicyWeight=90 -Dsun.zip.disableMemoryMapping=true -Xmx1G -Xms100m -Xlog:disable -javaagent:c:\Users\hp\.vscode\extensions\redhat.java-1.28.1-win32-x64\lombok\lombok-1.18.31.jar -XX:+HeapDumpOnOutOfMemoryError -XX:HeapDumpPath=c:\Users\hp\AppData\Roaming\Code\User\workspaceStorage\cd136f1eafbf0b73b3f96f349e88bdac\redhat.java -Daether.dependencyCollector.impl=bf c:\Users\hp\.vscode\extensions\redhat.java-1.28.1-win32-x64\server\plugins\org.eclipse.equinox.launcher_1.6.700.v20231214-2017.jar -configuration c:\Users\hp\AppData\Roaming\Code\User\globalStorage\redhat.java\1.28.1\config_win -data c:\Users\hp\AppData\Roaming\Code\User\workspaceStorage\cd136f1eafbf0b73b3f96f349e88bdac\redhat.java\jdt_ws --stdio

Host: AMD Ryzen 5 3500U with Radeon Vega Mobile Gfx  , 8 cores, 5G,  Windows 11 , 64 bit Build 22621 (10.0.22621.3085)
Time: Fri Feb 16 23:05:19 2024 India Standard Time elapsed time: 90.739454 seconds (0d 0h 1m 30s)

---------------  T H R E A D  ---------------

Current thread (0x0000025230d3e020):  JavaThread "C2 CompilerThread0" daemon [_thread_in_native, id=32712, stack(0x000000d99b700000,0x000000d99b800000)]


Current CompileTask:
C2:  90739 5227   !   4       org.eclipse.osgi.internal.loader.classpath.ClasspathManager::findLocalClass (210 bytes)

Stack: [0x000000d99b700000,0x000000d99b800000]
Native frames: (J=compiled Java code, j=interpreted, Vv=VM code, C=native code)
V  [jvm.dll+0x67d2c9]
V  [jvm.dll+0x834afa]
V  [jvm.dll+0x8365be]
V  [jvm.dll+0x836c23]
V  [jvm.dll+0x2477ff]
V  [jvm.dll+0xac711]
V  [jvm.dll+0xacb5c]
V  [jvm.dll+0x79404b]
V  [jvm.dll+0x57ff92]
V  [jvm.dll+0x57db50]
V  [jvm.dll+0x57d80d]
V  [jvm.dll+0x57d879]
V  [jvm.dll+0x585444]
V  [jvm.dll+0x2228a2]
V  [jvm.dll+0x222c8f]
V  [jvm.dll+0x21bdb6]
V  [jvm.dll+0x219201]
V  [jvm.dll+0x1a502d]
V  [jvm.dll+0x2290de]
V  [jvm.dll+0x2272ac]
V  [jvm.dll+0x7e9bb7]
V  [jvm.dll+0x7e3fba]
V  [jvm.dll+0x67c1b5]
C  [ucrtbase.dll+0x29363]
C  [KERNEL32.DLL+0x1257d]
C  [ntdll.dll+0x5aa58]


---------------  P R O C E S S  ---------------

Threads class SMR info:
_java_thread_list=0x0000025234e4bfd0, length=24, elements={
0x0000025217df0930, 0x000002522bc77020, 0x000002522bc778f0, 0x0000025230d25640,
0x0000025217e9dfa0, 0x0000025217e9ea70, 0x0000025230d3aad0, 0x0000025230d3e020,
0x0000025230d94c00, 0x0000025230db18b0, 0x0000025230e22210, 0x00000252310aa260,
0x000002523248dd90, 0x0000025230e6c6a0, 0x0000025230e6ce50, 0x00000252328d1f30,
0x00000252321aa5c0, 0x00000252321aa0b0, 0x00000252321aafe0, 0x00000252321a9690,
0x00000252321aba00, 0x00000252321a9ba0, 0x00000252336b6de0, 0x00000252336b4a70
}

Java Threads: ( => current thread )
  0x0000025217df0930 JavaThread "main" [_thread_in_native, id=28352, stack(0x000000d99ae00000,0x000000d99af00000)]
  0x000002522bc77020 JavaThread "Reference Handler" daemon [_thread_blocked, id=27680, stack(0x000000d99b100000,0x000000d99b200000)]
  0x000002522bc778f0 JavaThread "Finalizer" daemon [_thread_blocked, id=27504, stack(0x000000d99b200000,0x000000d99b300000)]
  0x0000025230d25640 JavaThread "Signal Dispatcher" daemon [_thread_blocked, id=2876, stack(0x000000d99b300000,0x000000d99b400000)]
  0x0000025217e9dfa0 JavaThread "Attach Listener" daemon [_thread_blocked, id=31780, stack(0x000000d99b400000,0x000000d99b500000)]
  0x0000025217e9ea70 JavaThread "Service Thread" daemon [_thread_blocked, id=24368, stack(0x000000d99b500000,0x000000d99b600000)]
  0x0000025230d3aad0 JavaThread "Monitor Deflation Thread" daemon [_thread_blocked, id=28540, stack(0x000000d99b600000,0x000000d99b700000)]
=>0x0000025230d3e020 JavaThread "C2 CompilerThread0" daemon [_thread_in_native, id=32712, stack(0x000000d99b700000,0x000000d99b800000)]
  0x0000025230d94c00 JavaThread "C1 CompilerThread0" daemon [_thread_blocked, id=30320, stack(0x000000d99b800000,0x000000d99b900000)]
  0x0000025230db18b0 JavaThread "Sweeper thread" daemon [_thread_blocked, id=32372, stack(0x000000d99b900000,0x000000d99ba00000)]
  0x0000025230e22210 JavaThread "Common-Cleaner" daemon [_thread_blocked, id=8292, stack(0x000000d99ba00000,0x000000d99bb00000)]
  0x00000252310aa260 JavaThread "Notification Thread" daemon [_thread_blocked, id=28628, stack(0x000000d99bb00000,0x000000d99bc00000)]
  0x000002523248dd90 JavaThread "Active Thread: Equinox Container: 2db5283b-869b-44a5-b2d9-e57c7d84d3a0" [_thread_blocked, id=16628, stack(0x000000d99c300000,0x000000d99c400000)]
  0x0000025230e6c6a0 JavaThread "Framework Event Dispatcher: Equinox Container: 2db5283b-869b-44a5-b2d9-e57c7d84d3a0" daemon [_thread_blocked, id=32360, stack(0x000000d99c400000,0x000000d99c500000)]
  0x0000025230e6ce50 JavaThread "Start Level: Equinox Container: 2db5283b-869b-44a5-b2d9-e57c7d84d3a0" daemon [_thread_blocked, id=32096, stack(0x000000d99c500000,0x000000d99c600000)]
  0x00000252328d1f30 JavaThread "Bundle File Closer" daemon [_thread_blocked, id=21404, stack(0x000000d99c700000,0x000000d99c800000)]
  0x00000252321aa5c0 JavaThread "SCR Component Actor" daemon [_thread_blocked, id=5916, stack(0x000000d99ab00000,0x000000d99ac00000)]
  0x00000252321aa0b0 JavaThread "Worker-JM" [_thread_blocked, id=22500, stack(0x000000d99c800000,0x000000d99c900000)]
  0x00000252321aafe0 JavaThread "Worker-0" [_thread_blocked, id=9412, stack(0x000000d99c900000,0x000000d99ca00000)]
  0x00000252321a9690 JavaThread "Worker-1" [_thread_blocked, id=24784, stack(0x000000d99ac00000,0x000000d99ad00000)]
  0x00000252321aba00 JavaThread "Worker-2" [_thread_blocked, id=26956, stack(0x000000d99cb00000,0x000000d99cc00000)]
  0x00000252321a9ba0 JavaThread "Worker-3" [_thread_blocked, id=16900, stack(0x000000d99cc00000,0x000000d99cd00000)]
  0x00000252336b6de0 JavaThread "Java indexing" daemon [_thread_blocked, id=32240, stack(0x000000d99ca00000,0x000000d99cb00000)]
  0x00000252336b4a70 JavaThread "JNA Cleaner" daemon [_thread_blocked, id=24000, stack(0x000000d99ce00000,0x000000d99cf00000)]

Other Threads:
  0x0000025217e97bd0 VMThread "VM Thread" [stack: 0x000000d99b000000,0x000000d99b100000] [id=9932]
  0x0000025230fa7030 WatcherThread [stack: 0x000000d99bc00000,0x000000d99bd00000] [id=32088]
  0x0000025217e03f70 GCTaskThread "GC Thread#0" [stack: 0x000000d99af00000,0x000000d99b000000] [id=19616]
  0x000002523242dd40 GCTaskThread "GC Thread#1" [stack: 0x000000d99bd00000,0x000000d99be00000] [id=27524]
  0x0000025232486e00 GCTaskThread "GC Thread#2" [stack: 0x000000d99be00000,0x000000d99bf00000] [id=29164]
  0x000002523242e000 GCTaskThread "GC Thread#3" [stack: 0x000000d99bf00000,0x000000d99c000000] [id=23708]
  0x0000025232491440 GCTaskThread "GC Thread#4" [stack: 0x000000d99c000000,0x000000d99c100000] [id=29092]
  0x0000025232491700 GCTaskThread "GC Thread#5" [stack: 0x000000d99c100000,0x000000d99c200000] [id=24680]
  0x00000252324919c0 GCTaskThread "GC Thread#6" [stack: 0x000000d99c200000,0x000000d99c300000] [id=13836]
  0x0000025230ee7850 GCTaskThread "GC Thread#7" [stack: 0x000000d99c600000,0x000000d99c700000] [id=23088]

Threads with active compile tasks:
C2 CompilerThread0    90879 5227   !   4       org.eclipse.osgi.internal.loader.classpath.ClasspathManager::findLocalClass (210 bytes)

VM state: not at safepoint (normal execution)

VM Mutex/Monitor currently owned by a thread: None

Heap address: 0x00000000c0000000, size: 1024 MB, Compressed Oops mode: 32-bit

CDS archive(s) not mapped
Compressed class space mapped at: 0x0000000100000000-0x0000000140000000, reserved size: 1073741824
Narrow klass base: 0x0000000000000000, Narrow klass shift: 3, Narrow klass range: 0x140000000

GC Precious Log:
 CPUs: 8 total, 8 available
 Memory: 6060M
 Large Page Support: Disabled
 NUMA Support: Disabled
 Compressed Oops: Enabled (32-bit)
 Alignments: Space 512K, Generation 512K, Heap 2M
 Heap Min Capacity: 100M
 Heap Initial Capacity: 100M
 Heap Max Capacity: 1G
 Pre-touch: Disabled
 Parallel Workers: 8

Heap:
 PSYoungGen      total 22528K, used 18311K [0x00000000eab00000, 0x00000000ec680000, 0x0000000100000000)
  eden space 22016K, 80% used [0x00000000eab00000,0x00000000ebc64898,0x00000000ec080000)
  from space 512K, 97% used [0x00000000ec500000,0x00000000ec57d490,0x00000000ec580000)
  to   space 3072K, 0% used [0x00000000ec080000,0x00000000ec080000,0x00000000ec380000)
 ParOldGen       total 68608K, used 19148K [0x00000000c0000000, 0x00000000c4300000, 0x00000000eab00000)
  object space 68608K, 27% used [0x00000000c0000000,0x00000000c12b3000,0x00000000c4300000)
 Metaspace       used 45780K, committed 46656K, reserved 1114112K
  class space    used 4874K, committed 5248K, reserved 1048576K

Card table byte_map: [0x0000025217780000,0x0000025217990000] _byte_map_base: 0x0000025217180000

Marking Bits: (ParMarkBitMap*) 0x00007ffbb373d7d0
 Begin Bits: [0x0000025229a80000, 0x000002522aa80000)
 End Bits:   [0x000002522aa80000, 0x000002522ba80000)

Polling page: 0x0000025215db0000

Metaspace:

Usage:
  Non-class:     39.95 MB used.
      Class:      4.76 MB used.
       Both:     44.71 MB used.

Virtual space:
  Non-class space:       64.00 MB reserved,      40.44 MB ( 63%) committed,  1 nodes.
      Class space:        1.00 GB reserved,       5.12 MB ( <1%) committed,  1 nodes.
             Both:        1.06 GB reserved,      45.56 MB (  4%) committed. 

Chunk freelists:
   Non-Class:  7.05 MB
       Class:  10.91 MB
        Both:  17.96 MB

MaxMetaspaceSize: unlimited
CompressedClassSpaceSize: 1.00 GB
Initial GC threshold: 21.00 MB
Current GC threshold: 58.38 MB
CDS: off
MetaspaceReclaimPolicy: balanced
 - commit_granule_bytes: 65536.
 - commit_granule_words: 8192.
 - virtual_space_node_default_size: 8388608.
 - enlarge_chunks_in_place: 1.
 - new_chunks_are_fully_committed: 0.
 - uncommit_free_chunks: 1.
 - use_allocation_guard: 0.
 - handle_deallocations: 1.


Internal statistics:

num_allocs_failed_limit: 6.
num_arena_births: 416.
num_arena_deaths: 14.
num_vsnodes_births: 2.
num_vsnodes_deaths: 0.
num_space_committed: 729.
num_space_uncommitted: 0.
num_chunks_returned_to_freelist: 20.
num_chunks_taken_from_freelist: 2020.
num_chunk_merges: 12.
num_chunk_splits: 1286.
num_chunks_enlarged: 813.
num_inconsistent_stats: 0.

CodeHeap 'non-profiled nmethods': size=120000Kb used=2292Kb max_used=2292Kb free=117707Kb
 bounds [0x0000025222550000, 0x00000252227c0000, 0x0000025229a80000]
CodeHeap 'profiled nmethods': size=120000Kb used=10976Kb max_used=10976Kb free=109024Kb
 bounds [0x000002521aa80000, 0x000002521b540000, 0x0000025221fb0000]
CodeHeap 'non-nmethods': size=5760Kb used=1270Kb max_used=1314Kb free=4489Kb
 bounds [0x0000025221fb0000, 0x0000025222220000, 0x0000025222550000]
 total_blobs=5818 nmethods=5220 adapters=511
 compilation: enabled
              stopped_count=0, restarted_count=0
 full_count=0

Compilation events (20 events):
Event: 90.229 Thread 0x0000025230d3e020 nmethod 5220 0x000002522278b090 code [0x000002522278b200, 0x000002522278b2b8]
Event: 90.229 Thread 0x0000025230d3e020 5214       4       org.eclipse.osgi.internal.framework.BundleContextImpl::setContextFinder (56 bytes)
Event: 90.234 Thread 0x0000025230d3e020 nmethod 5214 0x000002522278b390 code [0x000002522278b520, 0x000002522278b7f8]
Event: 90.234 Thread 0x0000025230d3e020 5224       4       java.lang.Long::hashCode (8 bytes)
Event: 90.235 Thread 0x0000025230d3e020 nmethod 5224 0x000002522278ba10 code [0x000002522278bb80, 0x000002522278bbf8]
Event: 90.240 Thread 0x0000025230d94c00 5225  s!   3       org.eclipse.osgi.framework.eventmgr.EventManager$EventThread::getNextEvent (61 bytes)
Event: 90.241 Thread 0x0000025230d94c00 nmethod 5225 0x000002521b52fe90 code [0x000002521b530060, 0x000002521b530548]
Event: 90.251 Thread 0x0000025230d3e020 5226  s    4       java.util.Hashtable::put (104 bytes)
Event: 90.287 Thread 0x0000025230d3e020 nmethod 5226 0x000002522278bd10 code [0x000002522278bee0, 0x000002522278c818]
Event: 90.470 Thread 0x0000025230d3e020 5227   !   4       org.eclipse.osgi.internal.loader.classpath.ClasspathManager::findLocalClass (210 bytes)
Event: 90.537 Thread 0x0000025230d94c00 5228       3       java.util.ServiceLoader$ModuleServicesLookupIterator::iteratorFor (191 bytes)
Event: 90.547 Thread 0x0000025230d94c00 nmethod 5228 0x000002521b530690 code [0x000002521b530cc0, 0x000002521b534708]
Event: 90.547 Thread 0x0000025230d94c00 5229       3       jdk.internal.jimage.ImageLocation::getAttribute (44 bytes)
Event: 90.548 Thread 0x0000025230d94c00 nmethod 5229 0x000002521b535c10 code [0x000002521b535e40, 0x000002521b5364f8]
Event: 90.651 Thread 0x0000025230d94c00 5232   !   3       sun.nio.fs.WindowsPath::getPathForWin32Calls (135 bytes)
Event: 90.654 Thread 0x0000025230d94c00 nmethod 5232 0x000002521b536790 code [0x000002521b536a20, 0x000002521b537818]
Event: 90.704 Thread 0x0000025230d94c00 5234       1       java.lang.ThreadLocal::initialValue (2 bytes)
Event: 90.705 Thread 0x0000025230d94c00 nmethod 5234 0x000002522278cd90 code [0x000002522278cf20, 0x000002522278cff8]
Event: 90.712 Thread 0x0000025230d94c00 5235       3       java.util.concurrent.atomic.AtomicInteger::decrementAndGet (14 bytes)
Event: 90.713 Thread 0x0000025230d94c00 nmethod 5235 0x000002521b537c90 code [0x000002521b537e20, 0x000002521b537f38]

GC Heap History (20 events):
Event: 76.200 GC heap before
{Heap before GC invocations=7 (full 1):
 PSYoungGen      total 29696K, used 25600K [0x00000000eab00000, 0x00000000ece00000, 0x0000000100000000)
  eden space 25600K, 100% used [0x00000000eab00000,0x00000000ec400000,0x00000000ec400000)
  from space 4096K, 0% used [0x00000000ec400000,0x00000000ec400000,0x00000000ec800000)
  to   space 5120K, 0% used [0x00000000ec900000,0x00000000ec900000,0x00000000ece00000)
 ParOldGen       total 68608K, used 10398K [0x00000000c0000000, 0x00000000c4300000, 0x00000000eab00000)
  object space 68608K, 15% used [0x00000000c0000000,0x00000000c0a27bc8,0x00000000c4300000)
 Metaspace       used 24234K, committed 24768K, reserved 1114112K
  class space    used 2461K, committed 2688K, reserved 1048576K
}
Event: 76.206 GC heap after
{Heap after GC invocations=7 (full 1):
 PSYoungGen      total 27648K, used 2096K [0x00000000eab00000, 0x00000000ecb80000, 0x0000000100000000)
  eden space 25088K, 0% used [0x00000000eab00000,0x00000000eab00000,0x00000000ec380000)
  from space 2560K, 81% used [0x00000000ec900000,0x00000000ecb0c0a8,0x00000000ecb80000)
  to   space 3072K, 0% used [0x00000000ec580000,0x00000000ec580000,0x00000000ec880000)
 ParOldGen       total 68608K, used 10406K [0x00000000c0000000, 0x00000000c4300000, 0x00000000eab00000)
  object space 68608K, 15% used [0x00000000c0000000,0x00000000c0a29bc8,0x00000000c4300000)
 Metaspace       used 24234K, committed 24768K, reserved 1114112K
  class space    used 2461K, committed 2688K, reserved 1048576K
}
Event: 77.549 GC heap before
{Heap before GC invocations=8 (full 1):
 PSYoungGen      total 27648K, used 27184K [0x00000000eab00000, 0x00000000ecb80000, 0x0000000100000000)
  eden space 25088K, 100% used [0x00000000eab00000,0x00000000ec380000,0x00000000ec380000)
  from space 2560K, 81% used [0x00000000ec900000,0x00000000ecb0c0a8,0x00000000ecb80000)
  to   space 3072K, 0% used [0x00000000ec580000,0x00000000ec580000,0x00000000ec880000)
 ParOldGen       total 68608K, used 10406K [0x00000000c0000000, 0x00000000c4300000, 0x00000000eab00000)
  object space 68608K, 15% used [0x00000000c0000000,0x00000000c0a29bc8,0x00000000c4300000)
 Metaspace       used 27349K, committed 27968K, reserved 1114112K
  class space    used 2791K, committed 3008K, reserved 1048576K
}
Event: 77.555 GC heap after
{Heap after GC invocations=8 (full 1):
 PSYoungGen      total 27648K, used 3044K [0x00000000eab00000, 0x00000000ecb00000, 0x0000000100000000)
  eden space 24576K, 0% used [0x00000000eab00000,0x00000000eab00000,0x00000000ec300000)
  from space 3072K, 99% used [0x00000000ec580000,0x00000000ec879370,0x00000000ec880000)
  to   space 2560K, 0% used [0x00000000ec880000,0x00000000ec880000,0x00000000ecb00000)
 ParOldGen       total 68608K, used 10982K [0x00000000c0000000, 0x00000000c4300000, 0x00000000eab00000)
  object space 68608K, 16% used [0x00000000c0000000,0x00000000c0ab9bc8,0x00000000c4300000)
 Metaspace       used 27349K, committed 27968K, reserved 1114112K
  class space    used 2791K, committed 3008K, reserved 1048576K
}
Event: 79.216 GC heap before
{Heap before GC invocations=9 (full 1):
 PSYoungGen      total 27648K, used 27516K [0x00000000eab00000, 0x00000000ecb00000, 0x0000000100000000)
  eden space 24576K, 99% used [0x00000000eab00000,0x00000000ec2e5ee8,0x00000000ec300000)
  from space 3072K, 99% used [0x00000000ec580000,0x00000000ec879370,0x00000000ec880000)
  to   space 2560K, 0% used [0x00000000ec880000,0x00000000ec880000,0x00000000ecb00000)
 ParOldGen       total 68608K, used 11272K [0x00000000c0000000, 0x00000000c4300000, 0x00000000eab00000)
  object space 68608K, 16% used [0x00000000c0000000,0x00000000c0b021b8,0x00000000c4300000)
 Metaspace       used 29349K, committed 29952K, reserved 1114112K
  class space    used 2999K, committed 3200K, reserved 1048576K
}
Event: 79.220 GC heap after
{Heap after GC invocations=9 (full 1):
 PSYoungGen      total 27136K, used 2554K [0x00000000eab00000, 0x00000000ecc00000, 0x0000000100000000)
  eden space 24576K, 0% used [0x00000000eab00000,0x00000000eab00000,0x00000000ec300000)
  from space 2560K, 99% used [0x00000000ec880000,0x00000000ecafebe8,0x00000000ecb00000)
  to   space 4608K, 0% used [0x00000000ec300000,0x00000000ec300000,0x00000000ec780000)
 ParOldGen       total 68608K, used 12899K [0x00000000c0000000, 0x00000000c4300000, 0x00000000eab00000)
  object space 68608K, 18% used [0x00000000c0000000,0x00000000c0c98d20,0x00000000c4300000)
 Metaspace       used 29349K, committed 29952K, reserved 1114112K
  class space    used 2999K, committed 3200K, reserved 1048576K
}
Event: 80.054 GC heap before
{Heap before GC invocations=10 (full 1):
 PSYoungGen      total 27136K, used 27130K [0x00000000eab00000, 0x00000000ecc00000, 0x0000000100000000)
  eden space 24576K, 100% used [0x00000000eab00000,0x00000000ec300000,0x00000000ec300000)
  from space 2560K, 99% used [0x00000000ec880000,0x00000000ecafebe8,0x00000000ecb00000)
  to   space 4608K, 0% used [0x00000000ec300000,0x00000000ec300000,0x00000000ec780000)
 ParOldGen       total 68608K, used 13834K [0x00000000c0000000, 0x00000000c4300000, 0x00000000eab00000)
  object space 68608K, 20% used [0x00000000c0000000,0x00000000c0d82928,0x00000000c4300000)
 Metaspace       used 33511K, committed 34176K, reserved 1114112K
  class space    used 3406K, committed 3648K, reserved 1048576K
}
Event: 80.059 GC heap after
{Heap after GC invocations=10 (full 1):
 PSYoungGen      total 26112K, used 2038K [0x00000000eab00000, 0x00000000ec900000, 0x0000000100000000)
  eden space 24064K, 0% used [0x00000000eab00000,0x00000000eab00000,0x00000000ec280000)
  from space 2048K, 99% used [0x00000000ec300000,0x00000000ec4fdb18,0x00000000ec500000)
  to   space 3072K, 0% used [0x00000000ec600000,0x00000000ec600000,0x00000000ec900000)
 ParOldGen       total 68608K, used 14345K [0x00000000c0000000, 0x00000000c4300000, 0x00000000eab00000)
  object space 68608K, 20% used [0x00000000c0000000,0x00000000c0e025f0,0x00000000c4300000)
 Metaspace       used 33511K, committed 34176K, reserved 1114112K
  class space    used 3406K, committed 3648K, reserved 1048576K
}
Event: 80.539 GC heap before
{Heap before GC invocations=11 (full 1):
 PSYoungGen      total 26112K, used 26102K [0x00000000eab00000, 0x00000000ec900000, 0x0000000100000000)
  eden space 24064K, 100% used [0x00000000eab00000,0x00000000ec280000,0x00000000ec280000)
  from space 2048K, 99% used [0x00000000ec300000,0x00000000ec4fdb18,0x00000000ec500000)
  to   space 3072K, 0% used [0x00000000ec600000,0x00000000ec600000,0x00000000ec900000)
 ParOldGen       total 68608K, used 14345K [0x00000000c0000000, 0x00000000c4300000, 0x00000000eab00000)
  object space 68608K, 20% used [0x00000000c0000000,0x00000000c0e025f0,0x00000000c4300000)
 Metaspace       used 35138K, committed 35840K, reserved 1114112K
  class space    used 3542K, committed 3840K, reserved 1048576K
}
Event: 80.544 GC heap after
{Heap after GC invocations=11 (full 1):
 PSYoungGen      total 26624K, used 2583K [0x00000000eab00000, 0x00000000ec900000, 0x0000000100000000)
  eden space 23552K, 0% used [0x00000000eab00000,0x00000000eab00000,0x00000000ec200000)
  from space 3072K, 84% used [0x00000000ec600000,0x00000000ec885e68,0x00000000ec900000)
  to   space 3072K, 0% used [0x00000000ec300000,0x00000000ec300000,0x00000000ec600000)
 ParOldGen       total 68608K, used 15863K [0x00000000c0000000, 0x00000000c4300000, 0x00000000eab00000)
  object space 68608K, 23% used [0x00000000c0000000,0x00000000c0f7ddf8,0x00000000c4300000)
 Metaspace       used 35138K, committed 35840K, reserved 1114112K
  class space    used 3542K, committed 3840K, reserved 1048576K
}
Event: 80.569 GC heap before
{Heap before GC invocations=12 (full 1):
 PSYoungGen      total 26624K, used 9041K [0x00000000eab00000, 0x00000000ec900000, 0x0000000100000000)
  eden space 23552K, 27% used [0x00000000eab00000,0x00000000eb14e698,0x00000000ec200000)
  from space 3072K, 84% used [0x00000000ec600000,0x00000000ec885e68,0x00000000ec900000)
  to   space 3072K, 0% used [0x00000000ec300000,0x00000000ec300000,0x00000000ec600000)
 ParOldGen       total 68608K, used 15863K [0x00000000c0000000, 0x00000000c4300000, 0x00000000eab00000)
  object space 68608K, 23% used [0x00000000c0000000,0x00000000c0f7ddf8,0x00000000c4300000)
 Metaspace       used 35179K, committed 35840K, reserved 1114112K
  class space    used 3545K, committed 3840K, reserved 1048576K
}
Event: 80.574 GC heap after
{Heap after GC invocations=12 (full 1):
 PSYoungGen      total 24064K, used 330K [0x00000000eab00000, 0x00000000ec680000, 0x0000000100000000)
  eden space 23552K, 0% used [0x00000000eab00000,0x00000000eab00000,0x00000000ec200000)
  from space 512K, 64% used [0x00000000ec300000,0x00000000ec352a30,0x00000000ec380000)
  to   space 1536K, 0% used [0x00000000ec500000,0x00000000ec500000,0x00000000ec680000)
 ParOldGen       total 68608K, used 18341K [0x00000000c0000000, 0x00000000c4300000, 0x00000000eab00000)
  object space 68608K, 26% used [0x00000000c0000000,0x00000000c11e94b8,0x00000000c4300000)
 Metaspace       used 35179K, committed 35840K, reserved 1114112K
  class space    used 3545K, committed 3840K, reserved 1048576K
}
Event: 80.574 GC heap before
{Heap before GC invocations=13 (full 2):
 PSYoungGen      total 24064K, used 330K [0x00000000eab00000, 0x00000000ec680000, 0x0000000100000000)
  eden space 23552K, 0% used [0x00000000eab00000,0x00000000eab00000,0x00000000ec200000)
  from space 512K, 64% used [0x00000000ec300000,0x00000000ec352a30,0x00000000ec380000)
  to   space 1536K, 0% used [0x00000000ec500000,0x00000000ec500000,0x00000000ec680000)
 ParOldGen       total 68608K, used 18341K [0x00000000c0000000, 0x00000000c4300000, 0x00000000eab00000)
  object space 68608K, 26% used [0x00000000c0000000,0x00000000c11e94b8,0x00000000c4300000)
 Metaspace       used 35179K, committed 35840K, reserved 1114112K
  class space    used 3545K, committed 3840K, reserved 1048576K
}
Event: 80.636 GC heap after
{Heap after GC invocations=13 (full 2):
 PSYoungGen      total 24064K, used 0K [0x00000000eab00000, 0x00000000ec680000, 0x0000000100000000)
  eden space 23552K, 0% used [0x00000000eab00000,0x00000000eab00000,0x00000000ec200000)
  from space 512K, 0% used [0x00000000ec300000,0x00000000ec300000,0x00000000ec380000)
  to   space 1536K, 0% used [0x00000000ec500000,0x00000000ec500000,0x00000000ec680000)
 ParOldGen       total 68608K, used 15909K [0x00000000c0000000, 0x00000000c4300000, 0x00000000eab00000)
  object space 68608K, 23% used [0x00000000c0000000,0x00000000c0f89660,0x00000000c4300000)
 Metaspace       used 35179K, committed 35840K, reserved 1114112K
  class space    used 3545K, committed 3840K, reserved 1048576K
}
Event: 81.581 GC heap before
{Heap before GC invocations=14 (full 2):
 PSYoungGen      total 24064K, used 23552K [0x00000000eab00000, 0x00000000ec680000, 0x0000000100000000)
  eden space 23552K, 100% used [0x00000000eab00000,0x00000000ec200000,0x00000000ec200000)
  from space 512K, 0% used [0x00000000ec300000,0x00000000ec300000,0x00000000ec380000)
  to   space 1536K, 0% used [0x00000000ec500000,0x00000000ec500000,0x00000000ec680000)
 ParOldGen       total 68608K, used 15909K [0x00000000c0000000, 0x00000000c4300000, 0x00000000eab00000)
  object space 68608K, 23% used [0x00000000c0000000,0x00000000c0f89660,0x00000000c4300000)
 Metaspace       used 37471K, committed 38144K, reserved 1114112K
  class space    used 3833K, committed 4096K, reserved 1048576K
}
Event: 81.584 GC heap after
{Heap after GC invocations=14 (full 2):
 PSYoungGen      total 24576K, used 1088K [0x00000000eab00000, 0x00000000ec680000, 0x0000000100000000)
  eden space 23040K, 0% used [0x00000000eab00000,0x00000000eab00000,0x00000000ec180000)
  from space 1536K, 70% used [0x00000000ec500000,0x00000000ec610000,0x00000000ec680000)
  to   space 1536K, 0% used [0x00000000ec380000,0x00000000ec380000,0x00000000ec500000)
 ParOldGen       total 68608K, used 15917K [0x00000000c0000000, 0x00000000c4300000, 0x00000000eab00000)
  object space 68608K, 23% used [0x00000000c0000000,0x00000000c0f8b660,0x00000000c4300000)
 Metaspace       used 37471K, committed 38144K, reserved 1114112K
  class space    used 3833K, committed 4096K, reserved 1048576K
}
Event: 82.818 GC heap before
{Heap before GC invocations=15 (full 2):
 PSYoungGen      total 24576K, used 24128K [0x00000000eab00000, 0x00000000ec680000, 0x0000000100000000)
  eden space 23040K, 100% used [0x00000000eab00000,0x00000000ec180000,0x00000000ec180000)
  from space 1536K, 70% used [0x00000000ec500000,0x00000000ec610000,0x00000000ec680000)
  to   space 1536K, 0% used [0x00000000ec380000,0x00000000ec380000,0x00000000ec500000)
 ParOldGen       total 68608K, used 15917K [0x00000000c0000000, 0x00000000c4300000, 0x00000000eab00000)
  object space 68608K, 23% used [0x00000000c0000000,0x00000000c0f8b660,0x00000000c4300000)
 Metaspace       used 40345K, committed 41152K, reserved 1114112K
  class space    used 4202K, committed 4544K, reserved 1048576K
}
Event: 82.822 GC heap after
{Heap after GC invocations=15 (full 2):
 PSYoungGen      total 24064K, used 1248K [0x00000000eab00000, 0x00000000ec580000, 0x0000000100000000)
  eden space 22528K, 0% used [0x00000000eab00000,0x00000000eab00000,0x00000000ec100000)
  from space 1536K, 81% used [0x00000000ec380000,0x00000000ec4b8000,0x00000000ec500000)
  to   space 512K, 0% used [0x00000000ec500000,0x00000000ec500000,0x00000000ec580000)
 ParOldGen       total 68608K, used 16925K [0x00000000c0000000, 0x00000000c4300000, 0x00000000eab00000)
  object space 68608K, 24% used [0x00000000c0000000,0x00000000c1087660,0x00000000c4300000)
 Metaspace       used 40345K, committed 41152K, reserved 1114112K
  class space    used 4202K, committed 4544K, reserved 1048576K
}
Event: 85.221 GC heap before
{Heap before GC invocations=16 (full 2):
 PSYoungGen      total 24064K, used 23776K [0x00000000eab00000, 0x00000000ec580000, 0x0000000100000000)
  eden space 22528K, 100% used [0x00000000eab00000,0x00000000ec100000,0x00000000ec100000)
  from space 1536K, 81% used [0x00000000ec380000,0x00000000ec4b8000,0x00000000ec500000)
  to   space 512K, 0% used [0x00000000ec500000,0x00000000ec500000,0x00000000ec580000)
 ParOldGen       total 68608K, used 16925K [0x00000000c0000000, 0x00000000c4300000, 0x00000000eab00000)
  object space 68608K, 24% used [0x00000000c0000000,0x00000000c1087660,0x00000000c4300000)
 Metaspace       used 43407K, committed 44096K, reserved 1114112K
  class space    used 4588K, committed 4864K, reserved 1048576K
}
Event: 85.229 GC heap after
{Heap after GC invocations=16 (full 2):
 PSYoungGen      total 22528K, used 501K [0x00000000eab00000, 0x00000000ec680000, 0x0000000100000000)
  eden space 22016K, 0% used [0x00000000eab00000,0x00000000eab00000,0x00000000ec080000)
  from space 512K, 97% used [0x00000000ec500000,0x00000000ec57d490,0x00000000ec580000)
  to   space 3072K, 0% used [0x00000000ec080000,0x00000000ec080000,0x00000000ec380000)
 ParOldGen       total 68608K, used 19148K [0x00000000c0000000, 0x00000000c4300000, 0x00000000eab00000)
  object space 68608K, 27% used [0x00000000c0000000,0x00000000c12b3000,0x00000000c4300000)
 Metaspace       used 43407K, committed 44096K, reserved 1114112K
  class space    used 4588K, committed 4864K, reserved 1048576K
}

Dll operation events (10 events):
Event: 0.053 Loaded shared library c:\Users\hp\.vscode\extensions\redhat.java-1.28.1-win32-x64\jre\17.0.10-win32-x86_64\bin\java.dll
Event: 0.813 Loaded shared library c:\Users\hp\.vscode\extensions\redhat.java-1.28.1-win32-x64\jre\17.0.10-win32-x86_64\bin\zip.dll
Event: 0.823 Loaded shared library C:\Users\hp\.vscode\extensions\redhat.java-1.28.1-win32-x64\jre\17.0.10-win32-x86_64\bin\instrument.dll
Event: 0.877 Loaded shared library C:\Users\hp\.vscode\extensions\redhat.java-1.28.1-win32-x64\jre\17.0.10-win32-x86_64\bin\net.dll
Event: 0.885 Loaded shared library C:\Users\hp\.vscode\extensions\redhat.java-1.28.1-win32-x64\jre\17.0.10-win32-x86_64\bin\nio.dll
Event: 0.916 Loaded shared library C:\Users\hp\.vscode\extensions\redhat.java-1.28.1-win32-x64\jre\17.0.10-win32-x86_64\bin\zip.dll
Event: 0.984 Loaded shared library C:\Users\hp\.vscode\extensions\redhat.java-1.28.1-win32-x64\jre\17.0.10-win32-x86_64\bin\jimage.dll
Event: 1.316 Loaded shared library c:\Users\hp\.vscode\extensions\redhat.java-1.28.1-win32-x64\jre\17.0.10-win32-x86_64\bin\verify.dll
Event: 30.182 Loaded shared library C:\Users\hp\AppData\Roaming\Code\User\globalStorage\redhat.java\1.28.1\config_win\org.eclipse.equinox.launcher\org.eclipse.equinox.launcher.win32.win32.x86_64_1.2.900.v20240129-1338\eclipse_11900.dll
Event: 89.531 Loaded shared library C:\Users\hp\AppData\Local\Temp\jna-3336\jna12794280162127491703.dll

Deoptimization events (20 events):
Event: 89.701 Thread 0x0000025230e6ce50 DEOPT PACKING pc=0x0000025222775260 sp=0x000000d99c5fc8b0
Event: 89.701 Thread 0x0000025230e6ce50 DEOPT UNPACKING pc=0x00000252220066a3 sp=0x000000d99c5fc7d0 mode 2
Event: 90.548 Thread 0x0000025217df0930 DEOPT PACKING pc=0x000002521b388e3f sp=0x000000d99aefaf40
Event: 90.548 Thread 0x0000025217df0930 DEOPT UNPACKING pc=0x0000025222006e43 sp=0x000000d99aefa448 mode 0
Event: 90.627 Thread 0x0000025217df0930 Uncommon trap: trap_request=0xffffffbe fr.pc=0x0000025222772a48 relative=0x00000000000013e8
Event: 90.627 Thread 0x0000025217df0930 Uncommon trap: reason=profile_predicate action=maybe_recompile pc=0x0000025222772a48 method=java.util.TreeMap.put(Ljava/lang/Object;Ljava/lang/Object;Z)Ljava/lang/Object; @ 27 c2
Event: 90.627 Thread 0x0000025217df0930 DEOPT PACKING pc=0x0000025222772a48 sp=0x000000d99aefdae0
Event: 90.628 Thread 0x0000025217df0930 DEOPT UNPACKING pc=0x00000252220066a3 sp=0x000000d99aefda80 mode 2
Event: 90.628 Thread 0x0000025217df0930 Uncommon trap: trap_request=0xffffffbe fr.pc=0x0000025222772a48 relative=0x00000000000013e8
Event: 90.628 Thread 0x0000025217df0930 Uncommon trap: reason=profile_predicate action=maybe_recompile pc=0x0000025222772a48 method=java.util.TreeMap.put(Ljava/lang/Object;Ljava/lang/Object;Z)Ljava/lang/Object; @ 27 c2
Event: 90.628 Thread 0x0000025217df0930 DEOPT PACKING pc=0x0000025222772a48 sp=0x000000d99aefdae0
Event: 90.628 Thread 0x0000025217df0930 DEOPT UNPACKING pc=0x00000252220066a3 sp=0x000000d99aefda80 mode 2
Event: 90.628 Thread 0x0000025217df0930 Uncommon trap: trap_request=0xffffffbe fr.pc=0x0000025222772a48 relative=0x00000000000013e8
Event: 90.628 Thread 0x0000025217df0930 Uncommon trap: reason=profile_predicate action=maybe_recompile pc=0x0000025222772a48 method=java.util.TreeMap.put(Ljava/lang/Object;Ljava/lang/Object;Z)Ljava/lang/Object; @ 27 c2
Event: 90.628 Thread 0x0000025217df0930 DEOPT PACKING pc=0x0000025222772a48 sp=0x000000d99aefdae0
Event: 90.628 Thread 0x0000025217df0930 DEOPT UNPACKING pc=0x00000252220066a3 sp=0x000000d99aefda80 mode 2
Event: 90.698 Thread 0x0000025217df0930 Uncommon trap: trap_request=0xffffff76 fr.pc=0x000002522276fb94 relative=0x0000000000000654
Event: 90.698 Thread 0x0000025217df0930 Uncommon trap: reason=predicate action=maybe_recompile pc=0x000002522276fb94 method=java.util.TreeMap.getEntryUsingComparator(Ljava/lang/Object;)Ljava/util/TreeMap$Entry; @ 19 c2
Event: 90.699 Thread 0x0000025217df0930 DEOPT PACKING pc=0x000002522276fb94 sp=0x000000d99aefdf30
Event: 90.699 Thread 0x0000025217df0930 DEOPT UNPACKING pc=0x00000252220066a3 sp=0x000000d99aefdee0 mode 2

Classes unloaded (7 events):
Event: 71.422 Thread 0x0000025217e97bd0 Unloading class 0x0000000100250400 'java/lang/invoke/LambdaForm$MH+0x0000000100250400'
Event: 71.422 Thread 0x0000025217e97bd0 Unloading class 0x0000000100250000 'java/lang/invoke/LambdaForm$MH+0x0000000100250000'
Event: 71.422 Thread 0x0000025217e97bd0 Unloading class 0x000000010024fc00 'java/lang/invoke/LambdaForm$MH+0x000000010024fc00'
Event: 71.422 Thread 0x0000025217e97bd0 Unloading class 0x000000010024f800 'java/lang/invoke/LambdaForm$MH+0x000000010024f800'
Event: 71.422 Thread 0x0000025217e97bd0 Unloading class 0x000000010024f400 'java/lang/invoke/LambdaForm$BMH+0x000000010024f400'
Event: 71.422 Thread 0x0000025217e97bd0 Unloading class 0x000000010024f000 'java/lang/invoke/LambdaForm$DMH+0x000000010024f000'
Event: 71.422 Thread 0x0000025217e97bd0 Unloading class 0x000000010024c400 'java/lang/invoke/LambdaForm$DMH+0x000000010024c400'

Classes redefined (0 events):
No events

Internal exceptions (20 events):
Event: 79.398 Thread 0x00000252321aba00 Exception <a 'java/lang/NoSuchMethodError'{0x00000000eb274110}: 'int java.lang.invoke.DirectMethodHandle$Holder.invokeSpecialIFC(java.lang.Object, java.lang.Object, java.lang.Object, java.lang.Object, java.lang.Object)'> (0x00000000eb274110) 
thrown [s\src\hotspot\share\interpreter\linkResolver.cpp, line 759]
Event: 80.083 Thread 0x00000252321aba00 Exception <a 'java/lang/NoClassDefFoundError'{0x00000000eae442e0}: javax/enterprise/inject/Typed> (0x00000000eae442e0) 
thrown [s\src\hotspot\share\classfile\systemDictionary.cpp, line 245]
Event: 81.972 Thread 0x0000025230e6ce50 Exception <a 'java/lang/ClassNotFoundException'{0x00000000eb390280}: com/sun/org/apache/xerces/internal/impl/msg/spi/DOMMessagesProvider> (0x00000000eb390280) 
thrown [s\src\hotspot\share\classfile\systemDictionary.cpp, line 256]
Event: 81.975 Thread 0x0000025230e6ce50 Exception <a 'java/lang/ClassNotFoundException'{0x00000000eb3a1a08}: com/sun/org/apache/xerces/internal/impl/msg/spi/XMLSerializerMessagesProvider> (0x00000000eb3a1a08) 
thrown [s\src\hotspot\share\classfile\systemDictionary.cpp, line 256]
Event: 81.978 Thread 0x0000025230e6ce50 Exception <a 'java/lang/ClassNotFoundException'{0x00000000eb3aec40}: com/sun/org/apache/xerces/internal/impl/msg/spi/XMLMessagesProvider> (0x00000000eb3aec40) 
thrown [s\src\hotspot\share\classfile\systemDictionary.cpp, line 256]
Event: 82.602 Thread 0x00000252321aba00 Exception <a 'java/lang/NoSuchMethodError'{0x00000000ebd83120}: 'void java.lang.invoke.DirectMethodHandle$Holder.invokeStaticInit(java.lang.Object, java.lang.Object, java.lang.Object)'> (0x00000000ebd83120) 
thrown [s\src\hotspot\share\interpreter\linkResolver.cpp, line 759]
Event: 82.615 Thread 0x00000252321aba00 Exception <a 'java/lang/ExceptionInInitializerError'{0x00000000ebdb83b8}> (0x00000000ebdb83b8) 
thrown [s\src\hotspot\share\oops\instanceKlass.cpp, line 1218]
Event: 82.712 Thread 0x00000252321aba00 Implicit null exception at 0x000002522265732f to 0x00000252226574bc
Event: 82.712 Thread 0x00000252321aba00 Implicit null exception at 0x00000252225cc809 to 0x00000252225cdbcc
Event: 82.716 Thread 0x00000252321aba00 Exception <a 'java/lang/NoSuchMethodError'{0x00000000ebf3bb90}: 'java.lang.Object java.lang.invoke.Invokers$Holder.invokeExact_MT(java.lang.Object, int, java.lang.Object)'> (0x00000000ebf3bb90) 
thrown [s\src\hotspot\share\interpreter\linkResolver.cpp, line 759]
Event: 82.736 Thread 0x00000252321aba00 Exception <a 'java/lang/NoSuchMethodError'{0x00000000ebfa7ec0}: 'int java.lang.invoke.DirectMethodHandle$Holder.invokeSpecial(java.lang.Object, java.lang.Object, java.lang.Object, java.lang.Object)'> (0x00000000ebfa7ec0) 
thrown [s\src\hotspot\share\interpreter\linkResolver.cpp, line 759]
Event: 83.708 Thread 0x0000025230e6ce50 Exception <a 'java/lang/NoSuchMethodError'{0x00000000eb5093a0}: 'java.lang.Object java.lang.invoke.DirectMethodHandle$Holder.invokeStaticInit(java.lang.Object, int, int, int, int)'> (0x00000000eb5093a0) 
thrown [s\src\hotspot\share\interpreter\linkResolver.cpp, line 759]
Event: 84.229 Thread 0x00000252321aba00 Exception <a 'java/lang/NoClassDefFoundError'{0x00000000eb92faa8}: com/google/inject/servlet/ServletModuleTargetVisitor> (0x00000000eb92faa8) 
thrown [s\src\hotspot\share\classfile\systemDictionary.cpp, line 245]
Event: 84.826 Thread 0x0000025230e6ce50 Exception <a 'java/lang/NoSuchMethodError'{0x00000000ebcedd18}: 'java.lang.Object java.lang.invoke.DirectMethodHandle$Holder.invokeStaticInit(java.lang.Object, java.lang.Object, int, int, int, int)'> (0x00000000ebcedd18) 
thrown [s\src\hotspot\share\interpreter\linkResolver.cpp, line 759]
Event: 85.166 Thread 0x0000025230e6ce50 Exception <a 'java/lang/ClassNotFoundException'{0x00000000ec04b968}: com/sun/org/apache/xml/internal/serializer/spi/XMLEntitiesProvider> (0x00000000ec04b968) 
thrown [s\src\hotspot\share\classfile\systemDictionary.cpp, line 256]
Event: 86.563 Thread 0x0000025230e6ce50 Exception <a 'java/io/FileNotFoundException'{0x00000000eb405c08}> (0x00000000eb405c08) 
thrown [s\src\hotspot\share\prims\jni.cpp, line 516]
Event: 89.627 Thread 0x0000025230e6ce50 Exception <a 'java/lang/UnsatisfiedLinkError'{0x00000000eb718fc0}: The specified procedure could not be found.
> (0x00000000eb718fc0) 
thrown [s\src\hotspot\share\prims\jni.cpp, line 535]
Event: 89.694 Thread 0x0000025230e6ce50 Exception <a 'java/io/FileNotFoundException'{0x00000000eb7404b0}> (0x00000000eb7404b0) 
thrown [s\src\hotspot\share\prims\jni.cpp, line 516]
Event: 90.042 Thread 0x0000025230e6ce50 Exception <a 'java/lang/UnsatisfiedLinkError'{0x00000000eb86d778}: The specified procedure could not be found.
> (0x00000000eb86d778) 
thrown [s\src\hotspot\share\prims\jni.cpp, line 535]
Event: 90.489 Thread 0x0000025217df0930 Exception <a 'sun/nio/fs/WindowsException'{0x00000000eb931510}> (0x00000000eb931510) 
thrown [s\src\hotspot\share\prims\jni.cpp, line 516]

VM Operations (20 events):
Event: 84.836 Executing VM operation: HandshakeAllThreads
Event: 84.836 Executing VM operation: HandshakeAllThreads done
Event: 84.839 Executing VM operation: HandshakeAllThreads
Event: 84.839 Executing VM operation: HandshakeAllThreads done
Event: 84.953 Executing VM operation: HandshakeAllThreads
Event: 85.087 Executing VM operation: HandshakeAllThreads done
Event: 85.216 Executing VM operation: ParallelGCFailedAllocation
Event: 85.232 Executing VM operation: ParallelGCFailedAllocation done
Event: 85.402 Executing VM operation: HandshakeAllThreads
Event: 85.467 Executing VM operation: HandshakeAllThreads done
Event: 85.602 Executing VM operation: HandshakeAllThreads
Event: 85.602 Executing VM operation: HandshakeAllThreads done
Event: 86.603 Executing VM operation: Cleanup
Event: 86.603 Executing VM operation: Cleanup done
Event: 87.604 Executing VM operation: Cleanup
Event: 87.604 Executing VM operation: Cleanup done
Event: 89.605 Executing VM operation: Cleanup
Event: 89.605 Executing VM operation: Cleanup done
Event: 90.605 Executing VM operation: Cleanup
Event: 90.619 Executing VM operation: Cleanup done

Events (20 events):
Event: 90.531 loading class sun/util/locale/provider/BaseLocaleDataMetaInfo
Event: 90.535 loading class sun/util/locale/provider/BaseLocaleDataMetaInfo done
Event: 90.545 loading class sun/util/resources/cldr/TimeZoneNames
Event: 90.547 loading class sun/util/resources/TimeZoneNamesBundle
Event: 90.548 loading class sun/util/resources/OpenListResourceBundle
Event: 90.550 loading class sun/util/resources/OpenListResourceBundle done
Event: 90.550 loading class sun/util/resources/TimeZoneNamesBundle done
Event: 90.550 loading class sun/util/resources/cldr/TimeZoneNames done
Event: 90.553 loading class sun/util/resources/cldr/TimeZoneNames_en
Event: 90.555 loading class sun/util/resources/cldr/TimeZoneNames_en done
Event: 90.555 loading class sun/util/resources/cldr/TimeZoneNames_en_US
Event: 90.555 loading class sun/util/resources/cldr/TimeZoneNames_en_US done
Event: 90.561 loading class sun/util/cldr/CLDRBaseLocaleDataMetaInfo$TZCanonicalIDMapHolder
Event: 90.565 loading class sun/util/cldr/CLDRBaseLocaleDataMetaInfo$TZCanonicalIDMapHolder done
Event: 90.568 loading class sun/util/resources/TimeZoneNames
Event: 90.618 loading class sun/util/resources/TimeZoneNames done
Event: 90.620 loading class sun/util/resources/TimeZoneNames_en
Event: 90.620 loading class sun/util/resources/TimeZoneNames_en done
Event: 90.694 loading class java/util/concurrent/Executors$DefaultThreadFactory
Event: 90.698 loading class java/util/concurrent/Executors$DefaultThreadFactory done


Dynamic libraries:
0x00007ff749f60000 - 0x00007ff749f6e000 	c:\Users\hp\.vscode\extensions\redhat.java-1.28.1-win32-x64\jre\17.0.10-win32-x86_64\bin\java.exe
0x00007ffc039f0000 - 0x00007ffc03c07000 	C:\WINDOWS\SYSTEM32\ntdll.dll
0x00007ffc02cb0000 - 0x00007ffc02d74000 	C:\WINDOWS\System32\KERNEL32.DLL
0x00007ffc00f70000 - 0x00007ffc01316000 	C:\WINDOWS\System32\KERNELBASE.dll
0x00007ffc01500000 - 0x00007ffc01611000 	C:\WINDOWS\System32\ucrtbase.dll
0x00007ffbfc610000 - 0x00007ffbfc627000 	c:\Users\hp\.vscode\extensions\redhat.java-1.28.1-win32-x64\jre\17.0.10-win32-x86_64\bin\jli.dll
0x00007ffbfc300000 - 0x00007ffbfc31b000 	c:\Users\hp\.vscode\extensions\redhat.java-1.28.1-win32-x64\jre\17.0.10-win32-x86_64\bin\VCRUNTIME140.dll
0x00007ffc02b00000 - 0x00007ffc02cae000 	C:\WINDOWS\System32\USER32.dll
0x00007ffc00db0000 - 0x00007ffc00dd6000 	C:\WINDOWS\System32\win32u.dll
0x00007ffbebf60000 - 0x00007ffbec1f3000 	C:\WINDOWS\WinSxS\amd64_microsoft.windows.common-controls_6595b64144ccf1df_6.0.22621.2506_none_270c5ae97388e100\COMCTL32.dll
0x00007ffc03120000 - 0x00007ffc031c7000 	C:\WINDOWS\System32\msvcrt.dll
0x00007ffc038f0000 - 0x00007ffc03919000 	C:\WINDOWS\System32\GDI32.dll
0x00007ffc01620000 - 0x00007ffc01738000 	C:\WINDOWS\System32\gdi32full.dll
0x00007ffc00ed0000 - 0x00007ffc00f6a000 	C:\WINDOWS\System32\msvcp_win.dll
0x00007ffc02a60000 - 0x00007ffc02a91000 	C:\WINDOWS\System32\IMM32.DLL
0x00007ffbfc340000 - 0x00007ffbfc34c000 	c:\Users\hp\.vscode\extensions\redhat.java-1.28.1-win32-x64\jre\17.0.10-win32-x86_64\bin\vcruntime140_1.dll
0x00007ffbd5d40000 - 0x00007ffbd5dcd000 	c:\Users\hp\.vscode\extensions\redhat.java-1.28.1-win32-x64\jre\17.0.10-win32-x86_64\bin\msvcp140.dll
0x00007ffbb2ba0000 - 0x00007ffbb3802000 	c:\Users\hp\.vscode\extensions\redhat.java-1.28.1-win32-x64\jre\17.0.10-win32-x86_64\bin\server\jvm.dll
0x00007ffc031d0000 - 0x00007ffc03283000 	C:\WINDOWS\System32\ADVAPI32.dll
0x00007ffc026b0000 - 0x00007ffc02758000 	C:\WINDOWS\System32\sechost.dll
0x00007ffc00de0000 - 0x00007ffc00e08000 	C:\WINDOWS\System32\bcrypt.dll
0x00007ffc02430000 - 0x00007ffc02547000 	C:\WINDOWS\System32\RPCRT4.dll
0x00007ffc00c00000 - 0x00007ffc00c4d000 	C:\WINDOWS\SYSTEM32\POWRPROF.dll
0x00007ffbf88f0000 - 0x00007ffbf8924000 	C:\WINDOWS\SYSTEM32\WINMM.dll
0x00007ffbf9220000 - 0x00007ffbf922a000 	C:\WINDOWS\SYSTEM32\VERSION.dll
0x00007ffbe9d30000 - 0x00007ffbe9d39000 	C:\WINDOWS\SYSTEM32\WSOCK32.dll
0x00007ffc034d0000 - 0x00007ffc03541000 	C:\WINDOWS\System32\WS2_32.dll
0x00007ffc00be0000 - 0x00007ffc00bf3000 	C:\WINDOWS\SYSTEM32\UMPDC.dll
0x00007ffbffd70000 - 0x00007ffbffd88000 	C:\WINDOWS\SYSTEM32\kernel.appcore.dll
0x00007ffbfc2e0000 - 0x00007ffbfc2ea000 	c:\Users\hp\.vscode\extensions\redhat.java-1.28.1-win32-x64\jre\17.0.10-win32-x86_64\bin\jimage.dll
0x00007ffbec270000 - 0x00007ffbec4a3000 	C:\WINDOWS\SYSTEM32\DBGHELP.DLL
0x00007ffc02d80000 - 0x00007ffc03109000 	C:\WINDOWS\System32\combase.dll
0x00007ffc035f0000 - 0x00007ffc036c7000 	C:\WINDOWS\System32\OLEAUT32.dll
0x00007ffbe3e00000 - 0x00007ffbe3e32000 	C:\WINDOWS\SYSTEM32\dbgcore.DLL
0x00007ffc00d30000 - 0x00007ffc00daa000 	C:\WINDOWS\System32\bcryptPrimitives.dll
0x00007ffbfc2d0000 - 0x00007ffbfc2de000 	c:\Users\hp\.vscode\extensions\redhat.java-1.28.1-win32-x64\jre\17.0.10-win32-x86_64\bin\instrument.dll
0x00007ffbf9910000 - 0x00007ffbf9935000 	c:\Users\hp\.vscode\extensions\redhat.java-1.28.1-win32-x64\jre\17.0.10-win32-x86_64\bin\java.dll
0x00007ffbf9c20000 - 0x00007ffbf9c38000 	c:\Users\hp\.vscode\extensions\redhat.java-1.28.1-win32-x64\jre\17.0.10-win32-x86_64\bin\zip.dll
0x00007ffc01740000 - 0x00007ffc01f9b000 	C:\WINDOWS\System32\SHELL32.dll
0x00007ffbfec90000 - 0x00007ffbff586000 	C:\WINDOWS\SYSTEM32\windows.storage.dll
0x00007ffbfeb50000 - 0x00007ffbfec8e000 	C:\WINDOWS\SYSTEM32\wintypes.dll
0x00007ffc037f0000 - 0x00007ffc038e3000 	C:\WINDOWS\System32\SHCORE.dll
0x00007ffc03590000 - 0x00007ffc035ee000 	C:\WINDOWS\System32\shlwapi.dll
0x00007ffc00c60000 - 0x00007ffc00c86000 	C:\WINDOWS\SYSTEM32\profapi.dll
0x00007ffbf98f0000 - 0x00007ffbf9909000 	C:\Users\hp\.vscode\extensions\redhat.java-1.28.1-win32-x64\jre\17.0.10-win32-x86_64\bin\net.dll
0x00007ffbf8d40000 - 0x00007ffbf8e77000 	C:\WINDOWS\SYSTEM32\WINHTTP.dll
0x00007ffc001f0000 - 0x00007ffc00259000 	C:\WINDOWS\system32\mswsock.dll
0x00007ffbf9610000 - 0x00007ffbf9626000 	C:\Users\hp\.vscode\extensions\redhat.java-1.28.1-win32-x64\jre\17.0.10-win32-x86_64\bin\nio.dll
0x00007ffbfc2c0000 - 0x00007ffbfc2d0000 	c:\Users\hp\.vscode\extensions\redhat.java-1.28.1-win32-x64\jre\17.0.10-win32-x86_64\bin\verify.dll
0x00007ffbd5fa0000 - 0x00007ffbd5fde000 	C:\Users\hp\AppData\Roaming\Code\User\globalStorage\redhat.java\1.28.1\config_win\org.eclipse.equinox.launcher\org.eclipse.equinox.launcher.win32.win32.x86_64_1.2.900.v20240129-1338\eclipse_11900.dll
0x00007ffc02760000 - 0x00007ffc02900000 	C:\WINDOWS\System32\ole32.dll
0x00007ffc00440000 - 0x00007ffc0045b000 	C:\WINDOWS\SYSTEM32\CRYPTSP.dll
0x00007ffbffcd0000 - 0x00007ffbffd05000 	C:\WINDOWS\system32\rsaenh.dll
0x00007ffc002e0000 - 0x00007ffc0030c000 	C:\WINDOWS\SYSTEM32\USERENV.dll
0x00007ffc00460000 - 0x00007ffc0046c000 	C:\WINDOWS\SYSTEM32\CRYPTBASE.dll
0x00007ffbff830000 - 0x00007ffbff85d000 	C:\WINDOWS\SYSTEM32\IPHLPAPI.DLL
0x00007ffc03110000 - 0x00007ffc03119000 	C:\WINDOWS\System32\NSI.dll
0x00007ffbf9230000 - 0x00007ffbf9249000 	C:\WINDOWS\SYSTEM32\dhcpcsvc6.DLL
0x00007ffbf9170000 - 0x00007ffbf918f000 	C:\WINDOWS\SYSTEM32\dhcpcsvc.DLL
0x00007ffbff8b0000 - 0x00007ffbff9a9000 	C:\WINDOWS\SYSTEM32\DNSAPI.dll
0x00007ffbd5b10000 - 0x00007ffbd5b55000 	C:\Users\hp\AppData\Local\Temp\jna-3336\jna12794280162127491703.dll
0x00007ffc03550000 - 0x00007ffc03558000 	C:\WINDOWS\System32\PSAPI.DLL

dbghelp: loaded successfully - version: 4.0.5 - missing functions: none
symbol engine: initialized successfully - sym options: 0x614 - pdb path: .;c:\Users\hp\.vscode\extensions\redhat.java-1.28.1-win32-x64\jre\17.0.10-win32-x86_64\bin;C:\WINDOWS\SYSTEM32;C:\WINDOWS\WinSxS\amd64_microsoft.windows.common-controls_6595b64144ccf1df_6.0.22621.2506_none_270c5ae97388e100;c:\Users\hp\.vscode\extensions\redhat.java-1.28.1-win32-x64\jre\17.0.10-win32-x86_64\bin\server;C:\Users\hp\AppData\Roaming\Code\User\globalStorage\redhat.java\1.28.1\config_win\org.eclipse.equinox.launcher\org.eclipse.equinox.launcher.win32.win32.x86_64_1.2.900.v20240129-1338;C:\Users\hp\AppData\Local\Temp\jna-3336

VM Arguments:
jvm_args: --add-modules=ALL-SYSTEM --add-opens=java.base/java.util=ALL-UNNAMED --add-opens=java.base/java.lang=ALL-UNNAMED --add-opens=java.base/sun.nio.fs=ALL-UNNAMED -Declipse.application=org.eclipse.jdt.ls.core.id1 -Dosgi.bundles.defaultStartLevel=4 -Declipse.product=org.eclipse.jdt.ls.core.product -Djava.import.generatesMetadataFilesAtProjectRoot=false -DDetectVMInstallationsJob.disabled=true -Dfile.encoding=utf8 -XX:+UseParallelGC -XX:GCTimeRatio=4 -XX:AdaptiveSizePolicyWeight=90 -Dsun.zip.disableMemoryMapping=true -Xmx1G -Xms100m -Xlog:disable -javaagent:c:\Users\hp\.vscode\extensions\redhat.java-1.28.1-win32-x64\lombok\lombok-1.18.31.jar -XX:+HeapDumpOnOutOfMemoryError -XX:HeapDumpPath=c:\Users\hp\AppData\Roaming\Code\User\workspaceStorage\cd136f1eafbf0b73b3f96f349e88bdac\redhat.java -Daether.dependencyCollector.impl=bf 
java_command: c:\Users\hp\.vscode\extensions\redhat.java-1.28.1-win32-x64\server\plugins\org.eclipse.equinox.launcher_1.6.700.v20231214-2017.jar -configuration c:\Users\hp\AppData\Roaming\Code\User\globalStorage\redhat.java\1.28.1\config_win -data c:\Users\hp\AppData\Roaming\Code\User\workspaceStorage\cd136f1eafbf0b73b3f96f349e88bdac\redhat.java\jdt_ws --stdio
java_class_path (initial): c:\Users\hp\.vscode\extensions\redhat.java-1.28.1-win32-x64\server\plugins\org.eclipse.equinox.launcher_1.6.700.v20231214-2017.jar
Launcher Type: SUN_STANDARD

[Global flags]
    uintx AdaptiveSizePolicyWeight                 = 90                                        {product} {command line}
     intx CICompilerCount                          = 4                                         {product} {ergonomic}
    uintx GCTimeRatio                              = 4                                         {product} {command line}
     bool HeapDumpOnOutOfMemoryError               = true                                   {manageable} {command line}
    ccstr HeapDumpPath                             = c:\Users\hp\AppData\Roaming\Code\User\workspaceStorage\cd136f1eafbf0b73b3f96f349e88bdac\redhat.java         {manageable} {command line}
   size_t InitialHeapSize                          = 104857600                                 {product} {command line}
   size_t MaxHeapSize                              = 1073741824                                {product} {command line}
   size_t MaxNewSize                               = 357564416                                 {product} {ergonomic}
   size_t MinHeapDeltaBytes                        = 524288                                    {product} {ergonomic}
   size_t MinHeapSize                              = 104857600                                 {product} {command line}
   size_t NewSize                                  = 34603008                                  {product} {ergonomic}
    uintx NonNMethodCodeHeapSize                   = 5839372                                {pd product} {ergonomic}
    uintx NonProfiledCodeHeapSize                  = 122909434                              {pd product} {ergonomic}
   size_t OldSize                                  = 70254592                                  {product} {ergonomic}
    uintx ProfiledCodeHeapSize                     = 122909434                              {pd product} {ergonomic}
    uintx ReservedCodeCacheSize                    = 251658240                              {pd product} {ergonomic}
     bool SegmentedCodeCache                       = true                                      {product} {ergonomic}
   size_t SoftMaxHeapSize                          = 1073741824                             {manageable} {ergonomic}
     bool UseCompressedClassPointers               = true                           {product lp64_product} {ergonomic}
     bool UseCompressedOops                        = true                           {product lp64_product} {ergonomic}
     bool UseLargePagesIndividualAllocation        = false                                  {pd product} {ergonomic}
     bool UseParallelGC                            = true                                      {product} {command line}

Logging:
Log output configuration:
 #0: stdout all=off uptime,level,tags
 #1: stderr all=off uptime,level,tags

Environment Variables:
JAVA_HOME=C:\Program Files\Java\jdk-20
PATH=C:\Program Files\Common Files\Oracle\Java\javapath;C:\Python311\Scripts\;C:\Python311\;C:\Program Files (x86)\Common Files\Intel\Shared Libraries\redist\intel64\compiler;C:\ProgramData\Oracle\Java\javapath;C:\WINDOWS\system32;C:\WINDOWS;C:\WINDOWS\System32\Wbem;C:\WINDOWS\System32\WindowsPowerShell\v1.0\;C:\WINDOWS\System32\OpenSSH\;C:\MinGW\bin;E:\Git\cmd;C:\Python27;C:\Program Files (x86)\Google\Cloud SDK\google-cloud-sdk\bin;C:\ProgramData\chocolatey\bin;C:\Program Files\nodejs;C:\Program Files\Java\jdk-20\bin;C:\Program Files\nodejs\;D:\Newfolder\platform-tools;C:\Program Files\MySQL\MySQL Shell 8.0\bin\;C:\Users\hp\AppData\Local\Microsoft\WindowsApps;C:\Program Files\CodeBlocks\MinGW\bin;C:\Users\hp\AppData\Local\Programs\Microsoft VS Code\bin;C:\Program Files\Java\jdk1.8.0_112\bin;C:\Program Files\JetBrains\IntelliJ IDEA Community Edition 2021.3.1\bin;;E:\BTECH\sem 5\cloud computing\google-cloud-sdk\bin;E:\PyCharm Community Edition 2022.2.3\bin;;C:\Program Files\MongoDB\Server\5.0\bin;C:\Program Files\heroku\bin;C:\Users\hp\AppData\Roaming\npm
USERNAME=hp
OS=Windows_NT
PROCESSOR_IDENTIFIER=AMD64 Family 23 Model 24 Stepping 1, AuthenticAMD
TMP=C:\Users\hp\AppData\Local\Temp
TEMP=C:\Users\hp\AppData\Local\Temp



Periodic native trim disabled


---------------  S Y S T E M  ---------------

OS:
 Windows 11 , 64 bit Build 22621 (10.0.22621.3085)
OS uptime: 0 days 12:37 hours

CPU: total 8 (initial active 8) (8 cores per cpu, 2 threads per core) family 23 model 24 stepping 1 microcode 0x0, cx8, cmov, fxsr, ht, mmx, 3dnowpref, sse, sse2, sse3, ssse3, sse4a, sse4.1, sse4.2, popcnt, lzcnt, tsc, tscinvbit, avx, avx2, aes, clmul, bmi1, bmi2, adx, sha, fma, vzeroupper, clflush, clflushopt
Processor Information for all 8 processors :
  Max Mhz: 2100, Current Mhz: 2100, Mhz Limit: 2100

Memory: 4k page, system-wide physical 6060M (121M free)
TotalPageFile size 24492M (AvailPageFile size 4M)
current process WorkingSet (physical memory assigned to process): 126M, peak: 169M
current process commit charge ("private bytes"): 263M, peak: 279M

vm_info: OpenJDK 64-Bit Server VM (17.0.10+7) for windows-amd64 JRE (17.0.10+7), built on Jan 16 2024 23:25:11 by "admin" with MS VC++ 16.10 / 16.11 (VS2019)

END.
